2022-08-28 12:58:27.568  INFO 16008 --- [restartedMain] c.b.addressbook.AddressBookApplication   : Starting AddressBookApplication using Java 11.0.15.1 on LAPTOP-D1MQ7S41 with PID 16008 (C:\Users\91989\SpringBoot\address-book\target\classes started by 91989 in C:\Users\91989\SpringBoot\address-book)
2022-08-28 12:58:27.570 DEBUG 16008 --- [restartedMain] c.b.addressbook.AddressBookApplication   : Running with Spring Boot v2.7.3, Spring v5.3.22
2022-08-28 12:58:27.571  INFO 16008 --- [restartedMain] c.b.addressbook.AddressBookApplication   : No active profile set, falling back to 1 default profile: "default"
2022-08-28 12:58:28.015  WARN 16008 --- [restartedMain] JpaBaseConfiguration$JpaWebConfiguration : spring.jpa.open-in-view is enabled by default. Therefore, database queries may be performed during view rendering. Explicitly configure spring.jpa.open-in-view to disable this warning
2022-08-28 12:58:28.146  INFO 16008 --- [restartedMain] c.b.addressbook.AddressBookApplication   : Started AddressBookApplication in 0.64 seconds (JVM running for 1723.693)
2022-08-28 12:58:31.645  INFO 16008 --- [restartedMain] c.b.addressbook.AddressBookApplication   : Starting AddressBookApplication using Java 11.0.15.1 on LAPTOP-D1MQ7S41 with PID 16008 (C:\Users\91989\SpringBoot\address-book\target\classes started by 91989 in C:\Users\91989\SpringBoot\address-book)
2022-08-28 12:58:31.646 DEBUG 16008 --- [restartedMain] c.b.addressbook.AddressBookApplication   : Running with Spring Boot v2.7.3, Spring v5.3.22
2022-08-28 12:58:31.647  INFO 16008 --- [restartedMain] c.b.addressbook.AddressBookApplication   : No active profile set, falling back to 1 default profile: "default"
2022-08-28 12:58:32.084  WARN 16008 --- [restartedMain] JpaBaseConfiguration$JpaWebConfiguration : spring.jpa.open-in-view is enabled by default. Therefore, database queries may be performed during view rendering. Explicitly configure spring.jpa.open-in-view to disable this warning
2022-08-28 12:58:32.241  INFO 16008 --- [restartedMain] c.b.addressbook.AddressBookApplication   : Started AddressBookApplication in 0.631 seconds (JVM running for 1727.787)
2022-08-28 12:58:37.775  INFO 2108 --- [restartedMain] c.b.addressbook.AddressBookApplication   : Starting AddressBookApplication using Java 11.0.15.1 on LAPTOP-D1MQ7S41 with PID 2108 (C:\Users\91989\SpringBoot\address-book\target\classes started by 91989 in C:\Users\91989\SpringBoot\address-book)
2022-08-28 12:58:37.778 DEBUG 2108 --- [restartedMain] c.b.addressbook.AddressBookApplication   : Running with Spring Boot v2.7.3, Spring v5.3.22
2022-08-28 12:58:37.779  INFO 2108 --- [restartedMain] c.b.addressbook.AddressBookApplication   : No active profile set, falling back to 1 default profile: "default"
2022-08-28 12:58:40.989  WARN 2108 --- [restartedMain] JpaBaseConfiguration$JpaWebConfiguration : spring.jpa.open-in-view is enabled by default. Therefore, database queries may be performed during view rendering. Explicitly configure spring.jpa.open-in-view to disable this warning
2022-08-28 12:58:41.384  INFO 2108 --- [restartedMain] c.b.addressbook.AddressBookApplication   : Started AddressBookApplication in 4.151 seconds (JVM running for 5.398)
2022-08-28 13:08:25.936  INFO 6200 --- [restartedMain] c.b.addressbook.AddressBookApplication   : Starting AddressBookApplication using Java 11.0.15.1 on LAPTOP-D1MQ7S41 with PID 6200 (C:\Users\91989\SpringBoot\address-book\target\classes started by 91989 in C:\Users\91989\SpringBoot\address-book)
2022-08-28 13:08:25.937 DEBUG 6200 --- [restartedMain] c.b.addressbook.AddressBookApplication   : Running with Spring Boot v2.7.3, Spring v5.3.22
2022-08-28 13:08:25.938  INFO 6200 --- [restartedMain] c.b.addressbook.AddressBookApplication   : No active profile set, falling back to 1 default profile: "default"
2022-08-28 13:08:28.069  WARN 6200 --- [restartedMain] JpaBaseConfiguration$JpaWebConfiguration : spring.jpa.open-in-view is enabled by default. Therefore, database queries may be performed during view rendering. Explicitly configure spring.jpa.open-in-view to disable this warning
2022-08-28 13:08:28.432  INFO 6200 --- [restartedMain] c.b.addressbook.AddressBookApplication   : Started AddressBookApplication in 2.896 seconds (JVM running for 3.798)
2022-08-28 13:08:28.436  INFO 6200 --- [restartedMain] c.b.addressbook.AddressBookApplication   : Address Book App Started In COMMON Environment
2022-08-28 13:13:56.547  INFO 13952 --- [restartedMain] c.b.addressbook.AddressBookApplication   : Starting AddressBookApplication using Java 11.0.15.1 on LAPTOP-D1MQ7S41 with PID 13952 (C:\Users\91989\SpringBoot\address-book\target\classes started by 91989 in C:\Users\91989\SpringBoot\address-book)
2022-08-28 13:13:56.549 DEBUG 13952 --- [restartedMain] c.b.addressbook.AddressBookApplication   : Running with Spring Boot v2.7.3, Spring v5.3.22
2022-08-28 13:13:56.550  INFO 13952 --- [restartedMain] c.b.addressbook.AddressBookApplication   : No active profile set, falling back to 1 default profile: "default"
2022-08-28 13:13:59.450  WARN 13952 --- [restartedMain] JpaBaseConfiguration$JpaWebConfiguration : spring.jpa.open-in-view is enabled by default. Therefore, database queries may be performed during view rendering. Explicitly configure spring.jpa.open-in-view to disable this warning
2022-08-28 13:13:59.912  INFO 13952 --- [restartedMain] c.b.addressbook.AddressBookApplication   : Started AddressBookApplication in 3.876 seconds (JVM running for 4.999)
2022-08-28 13:13:59.917  INFO 13952 --- [restartedMain] c.b.addressbook.AddressBookApplication   : Address Book App Started In COMMON Environment
2022-08-28 13:21:57.942  WARN 13952 --- [HikariPool-1 housekeeper] com.zaxxer.hikari.pool.HikariPool        : HikariPool-1 - Thread starvation or clock leap detected (housekeeper delta=3m28s919ms848µs300ns).
